<?xml version="1.0" encoding="UTF-8"?>
<testng-results skipped="0" failed="0" total="2" passed="2">
  <reporter-output>
  </reporter-output>
  <suite name="PageObjectModelSuite" duration-ms="61855" started-at="2021-02-08T07:07:59Z" finished-at="2021-02-08T07:09:01Z">
    <groups>
    </groups>
    <test name="FirefoxTest" duration-ms="28125" started-at="2021-02-08T07:07:59Z" finished-at="2021-02-08T07:08:27Z">
      <class name="com.inetbanking.practise.AmazonCart">
        <test-method status="PASS" signature="beforeTest(java.lang.String)[pri:0, instance:com.inetbanking.practise.AmazonCart@7d9d1a19]" name="beforeTest" is-config="true" duration-ms="10143" started-at="2021-02-08T12:37:59Z" finished-at="2021-02-08T12:38:10Z">
          <params>
            <param index="0">
              <value>
                <![CDATA[firefox]]>
              </value>
            </param>
          </params>
          <reporter-output>
          </reporter-output>
        </test-method> <!-- beforeTest -->
        <test-method status="PASS" signature="login()[pri:0, instance:com.inetbanking.practise.AmazonCart@7d9d1a19]" name="login" duration-ms="14964" started-at="2021-02-08T12:38:10Z" finished-at="2021-02-08T12:38:25Z">
          <reporter-output>
          </reporter-output>
        </test-method> <!-- login -->
        <test-method status="PASS" signature="afterTest()[pri:0, instance:com.inetbanking.practise.AmazonCart@7d9d1a19]" name="afterTest" is-config="true" duration-ms="2771" started-at="2021-02-08T12:38:25Z" finished-at="2021-02-08T12:38:27Z">
          <reporter-output>
          </reporter-output>
        </test-method> <!-- afterTest -->
      </class> <!-- com.inetbanking.practise.AmazonCart -->
    </test> <!-- FirefoxTest -->
    <test name="ChromeTest" duration-ms="33399" started-at="2021-02-08T07:08:28Z" finished-at="2021-02-08T07:09:01Z">
      <class name="com.inetbanking.practise.AmazonCart">
        <test-method status="PASS" signature="beforeTest(java.lang.String)[pri:0, instance:com.inetbanking.practise.AmazonCart@5f341870]" name="beforeTest" is-config="true" duration-ms="18957" started-at="2021-02-08T12:38:28Z" finished-at="2021-02-08T12:38:47Z">
          <params>
            <param index="0">
              <value>
                <![CDATA[chrome]]>
              </value>
            </param>
          </params>
          <reporter-output>
          </reporter-output>
        </test-method> <!-- beforeTest -->
        <test-method status="PASS" signature="login()[pri:0, instance:com.inetbanking.practise.AmazonCart@5f341870]" name="login" duration-ms="13665" started-at="2021-02-08T12:38:47Z" finished-at="2021-02-08T12:39:00Z">
          <reporter-output>
          </reporter-output>
        </test-method> <!-- login -->
        <test-method status="PASS" signature="afterTest()[pri:0, instance:com.inetbanking.practise.AmazonCart@5f341870]" name="afterTest" is-config="true" duration-ms="757" started-at="2021-02-08T12:39:00Z" finished-at="2021-02-08T12:39:01Z">
          <reporter-output>
          </reporter-output>
        </test-method> <!-- afterTest -->
      </class> <!-- com.inetbanking.practise.AmazonCart -->
    </test> <!-- ChromeTest -->
  </suite> <!-- PageObjectModelSuite -->
</testng-results>
